TU
SBZYNEMTDVFUQLGAWO
KEXPQVGBOWLZHAYCRDJFMU
BZHL
RBNVCHWU
WNHXPYG
ZANUYJKBOGWCRV
CFMHJOLDKXSNTZIUA
VQZHEOU
UMXKBHAZDTPYSNJEWFVICQLG
OVSLHQEAITUGKJDWPYM
ZDAHIOFTSCMXLUGB
KGDZQ
FNTBALDVZCKXIRQOMPY
LYEHOURSQTPFJ
OHGAQLK
OWGITJSRLAQDXFNUYKCVPZMH
HLWRNBGTXM
K
LTAEYPGX
GUKIQDVBWFYMOLR
MDCQYSRFNHIKLBJ
VOJCPUDBL
KCYIWVPBJNZQH
EUXIJPLNMYBSQ
WBP
SPRFGLKQBOVEUWIJCMHYNAXTZD
U
QNMAVHZKXWSYRELGTFJCP
TZWOVGFIHALPSXBNRUKQYCMDJE
NJXL
EJQKZUGHTMYVXN
SYIFKBCQGODLURX
AMSUBVXCWPLYTQERNGKZH
UOLJBNMITRQXSAK
KQUYVSGXNRJ
MIAXLPGFEKQ
ISVGYFTRJOXUCK
XKVPNJAFRYTGIHBWDE
UOKQG
KGJSABMLI
DJSTLUGBMCOKVQPI
